<?xml version="1.0" encoding="UTF-8"?>
<testsuite xmlns:xsi="http://www.w3.org/2001/XMLSchema-instance" xsi:noNamespaceSchemaLocation="https://maven.apache.org/surefire/maven-surefire-plugin/xsd/surefire-test-report.xsd" name="com.epam.rd.autotasks.ParamCarefulIncapableQuadraticEquationTestingTest" time="0.016" tests="4" errors="0" skipped="0" failures="0">
  <properties>
    <property name="java.specification.version" value="16"/>
    <property name="sun.jnu.encoding" value="UTF-8"/>
    <property name="java.class.path" value="/Users/JF/IdeaProjects/test-quadratic-equation-master/target/test-classes:/Users/JF/IdeaProjects/test-quadratic-equation-master/target/classes:/Users/JF/.m2/repository/junit/junit/4.12/junit-4.12.jar:/Users/JF/.m2/repository/org/hamcrest/hamcrest-core/1.3/hamcrest-core-1.3.jar:"/>
    <property name="java.vm.vendor" value="Oracle Corporation"/>
    <property name="sun.arch.data.model" value="64"/>
    <property name="java.vendor.url" value="https://java.oracle.com/"/>
    <property name="os.name" value="Mac OS X"/>
    <property name="java.vm.specification.version" value="16"/>
    <property name="sun.java.launcher" value="SUN_STANDARD"/>
    <property name="user.country" value="UA"/>
    <property name="sun.boot.library.path" value="/Users/JF/Desktop/Education/JDK/jdk-16.0.2.jdk/Contents/Home/lib"/>
    <property name="sun.java.command" value="/Users/JF/IdeaProjects/test-quadratic-equation-master/target/surefire/surefirebooter7248545933294503159.jar /Users/JF/IdeaProjects/test-quadratic-equation-master/target/surefire 2022-07-02T01-02-04_889-jvmRun1 surefire14766884136430961967tmp surefire_08946421849017934824tmp"/>
    <property name="http.nonProxyHosts" value="local|*.local|169.254/16|*.169.254/16"/>
    <property name="jdk.debug" value="release"/>
    <property name="surefire.test.class.path" value="/Users/JF/IdeaProjects/test-quadratic-equation-master/target/test-classes:/Users/JF/IdeaProjects/test-quadratic-equation-master/target/classes:/Users/JF/.m2/repository/junit/junit/4.12/junit-4.12.jar:/Users/JF/.m2/repository/org/hamcrest/hamcrest-core/1.3/hamcrest-core-1.3.jar:"/>
    <property name="sun.cpu.endian" value="little"/>
    <property name="user.home" value="/Users/JF"/>
    <property name="user.language" value="ru"/>
    <property name="java.specification.vendor" value="Oracle Corporation"/>
    <property name="java.version.date" value="2021-07-20"/>
    <property name="java.home" value="/Users/JF/Desktop/Education/JDK/jdk-16.0.2.jdk/Contents/Home"/>
    <property name="file.separator" value="/"/>
    <property name="basedir" value="/Users/JF/IdeaProjects/test-quadratic-equation-master"/>
    <property name="java.vm.compressedOopsMode" value="Zero based"/>
    <property name="line.separator" value="&#10;"/>
    <property name="java.specification.name" value="Java Platform API Specification"/>
    <property name="java.vm.specification.vendor" value="Oracle Corporation"/>
    <property name="surefire.real.class.path" value="/Users/JF/IdeaProjects/test-quadratic-equation-master/target/surefire/surefirebooter7248545933294503159.jar"/>
    <property name="sun.management.compiler" value="HotSpot 64-Bit Tiered Compilers"/>
    <property name="ftp.nonProxyHosts" value="local|*.local|169.254/16|*.169.254/16"/>
    <property name="java.runtime.version" value="16.0.2+7-67"/>
    <property name="user.name" value="JF"/>
    <property name="path.separator" value=":"/>
    <property name="os.version" value="11.4"/>
    <property name="java.runtime.name" value="OpenJDK Runtime Environment"/>
    <property name="file.encoding" value="US-ASCII"/>
    <property name="java.vm.name" value="OpenJDK 64-Bit Server VM"/>
    <property name="localRepository" value="/Users/JF/.m2/repository"/>
    <property name="java.vendor.url.bug" value="https://bugreport.java.com/bugreport/"/>
    <property name="java.io.tmpdir" value="/var/folders/y4/2y0lvfdn0m18h11bks443kdr0000gp/T/"/>
    <property name="idea.version" value="2021.2.4"/>
    <property name="java.version" value="16.0.2"/>
    <property name="user.dir" value="/Users/JF/IdeaProjects/test-quadratic-equation-master"/>
    <property name="os.arch" value="x86_64"/>
    <property name="java.vm.specification.name" value="Java Virtual Machine Specification"/>
    <property name="java.library.path" value="/Users/JF/Library/Java/Extensions:/Library/Java/Extensions:/Network/Library/Java/Extensions:/System/Library/Java/Extensions:/usr/lib/java:."/>
    <property name="java.vm.info" value="mixed mode, sharing"/>
    <property name="java.vendor" value="Oracle Corporation"/>
    <property name="java.vm.version" value="16.0.2+7-67"/>
    <property name="sun.io.unicode.encoding" value="UnicodeBig"/>
    <property name="socksNonProxyHosts" value="local|*.local|169.254/16|*.169.254/16"/>
    <property name="java.class.version" value="60.0"/>
  </properties>
  <testcase name="testParamCarefulIncapableQuadraticEquationZeroACasesTesting" classname="com.epam.rd.autotasks.ParamCarefulIncapableQuadraticEquationTestingTest" time="0.004"/>
  <testcase name="testParamCarefulIncapableQuadraticEquationSingleRootCasesTesting" classname="com.epam.rd.autotasks.ParamCarefulIncapableQuadraticEquationTestingTest" time="0.002"/>
  <testcase name="testParamCarefulIncapableQuadraticEquationNoRootsCasesTesting" classname="com.epam.rd.autotasks.ParamCarefulIncapableQuadraticEquationTestingTest" time="0.005"/>
  <testcase name="testParamCarefulIncapableQuadraticEquationTwoRootsCasesTesting" classname="com.epam.rd.autotasks.ParamCarefulIncapableQuadraticEquationTestingTest" time="0.003"/>
</testsuite>